<?xml version="1.0" encoding="UTF-8"?>
<testsuite name="tests.login" tests="1" skipped="0" failures="0" errors="0" timestamp="2022-06-26T10:32:49" hostname="Elenas-MacBook-Air.local" time="13.447">
  <properties/>
  <testcase name="loginPositive" classname="tests.login" time="13.447"/>
  <system-out><![CDATA[]]></system-out>
  <system-err><![CDATA[Starting ChromeDriver 100.0.4896.60 (6a5d10861ce8de5fce22564658033b43cb7de047-refs/branch-heads/4896@{#875}) on port 65277
Only local connections are allowed.
Please see https://chromedriver.chromium.org/security-considerations for suggestions on keeping ChromeDriver safe.
ChromeDriver was started successfully.
Jun 26, 2022 1:32:33 PM org.openqa.selenium.remote.ProtocolHandshake createSession
INFO: Detected upstream dialect: W3C
Jun 26, 2022 1:32:33 PM org.openqa.selenium.devtools.CdpVersionFinder findNearestMatch
INFO: Found exact CDP implementation for version 100
]]></system-err>
</testsuite>
